Directory: .metadata
Directory: ChromeDriver
Directory: excel
Directory: JacobLibrary
Directory: RemoteSystemsTempFiles
Directory: RTPOTools
Directory: SeleniumDemo
Directory: sg-broardcast-ca
Directory: sg-creditcard-cancellation
Directory: sg-creditcard-pinrequest
Directory: tw-CasaStatement
Directory: xpathcheck
UILibrary folder name: ChromeDriver
C:\Users\User\Desktop\Coding\seleniumWorkspace\ChromeDriver\chromedriver.exe
starting.>>>>>>>>>>>>>>>>>>>>>>>>>>>>>>>>>>>>>>>>>>>>>>>>>>>>>>>>>>>>>>>>>>>>>>>>>>>>..
outputrow 1
Starting
firstrun: true
new output
C:/Users/User/Desktop/seleniumDemo/selenuimDemoO20170503015624.xlsx
1
Page Is loaded.
{Keyword=java, Title=Johor, Company=IT-Software, Min Monthly Salary=1, Max Monthly Salary=15555, Position level=Junior Executive, jobtype=Full Time/Contract}
Cleared content.
Clicked content.
focus textfield.
clicked control v.
*return
Cleared content.
Clicked content.
focus textfield.
Cleared content.
Clicked content.
focus textfield.
Page Is loaded.
-----------end-----------
outputrow 7
Starting
firstrun: false
same file
1
Page Is loaded.
{Keyword=java, Title=Johor, Company=IT-Software, Min Monthly Salary=1, Max Monthly Salary=15555, Position level=Junior Executive, jobtype=Full Time/Contract}
Cleared content.
Clicked content.
focus textfield.
clicked control v.
*return
Cleared content.
Clicked content.
focus textfield.
Cleared content.
Clicked content.
focus textfield.
Page Is loaded.
-----------end-----------
